<?xml version="1.0" encoding="UTF-8"?>
<testsuite xmlns:xsi="http://www.w3.org/2001/XMLSchema-instance" xsi:noNamespaceSchemaLocation="https://maven.apache.org/surefire/maven-surefire-plugin/xsd/surefire-test-report-3.0.xsd" version="3.0" name="com.example.autofix.repositories.CarRepositoryTest" time="3.153" tests="6" errors="0" skipped="0" failures="0">
  <properties>
    <property name="java.specification.version" value="17"/>
    <property name="sun.cpu.isalist" value="amd64"/>
    <property name="sun.jnu.encoding" value="Cp1252"/>
    <property name="java.class.path" value="D:\code\autofix-tingeso\api\target\test-classes;D:\code\autofix-tingeso\api\target\classes;C:\Users\fliza.DESKTOP-6KM1TUM\.m2\repository\org\springframework\boot\spring-boot-starter-data-jpa\3.2.4\spring-boot-starter-data-jpa-3.2.4.jar;C:\Users\fliza.DESKTOP-6KM1TUM\.m2\repository\org\springframework\boot\spring-boot-starter-aop\3.2.4\spring-boot-starter-aop-3.2.4.jar;C:\Users\fliza.DESKTOP-6KM1TUM\.m2\repository\org\springframework\spring-aop\6.1.5\spring-aop-6.1.5.jar;C:\Users\fliza.DESKTOP-6KM1TUM\.m2\repository\org\aspectj\aspectjweaver\1.9.21\aspectjweaver-1.9.21.jar;C:\Users\fliza.DESKTOP-6KM1TUM\.m2\repository\org\springframework\boot\spring-boot-starter-jdbc\3.2.4\spring-boot-starter-jdbc-3.2.4.jar;C:\Users\fliza.DESKTOP-6KM1TUM\.m2\repository\com\zaxxer\HikariCP\5.0.1\HikariCP-5.0.1.jar;C:\Users\fliza.DESKTOP-6KM1TUM\.m2\repository\org\springframework\spring-jdbc\6.1.5\spring-jdbc-6.1.5.jar;C:\Users\fliza.DESKTOP-6KM1TUM\.m2\repository\org\hibernate\orm\hibernate-core\6.4.4.Final\hibernate-core-6.4.4.Final.jar;C:\Users\fliza.DESKTOP-6KM1TUM\.m2\repository\jakarta\persistence\jakarta.persistence-api\3.1.0\jakarta.persistence-api-3.1.0.jar;C:\Users\fliza.DESKTOP-6KM1TUM\.m2\repository\jakarta\transaction\jakarta.transaction-api\2.0.1\jakarta.transaction-api-2.0.1.jar;C:\Users\fliza.DESKTOP-6KM1TUM\.m2\repository\org\jboss\logging\jboss-logging\3.5.3.Final\jboss-logging-3.5.3.Final.jar;C:\Users\fliza.DESKTOP-6KM1TUM\.m2\repository\org\hibernate\common\hibernate-commons-annotations\6.0.6.Final\hibernate-commons-annotations-6.0.6.Final.jar;C:\Users\fliza.DESKTOP-6KM1TUM\.m2\repository\io\smallrye\jandex\3.1.2\jandex-3.1.2.jar;C:\Users\fliza.DESKTOP-6KM1TUM\.m2\repository\com\fasterxml\classmate\1.6.0\classmate-1.6.0.jar;C:\Users\fliza.DESKTOP-6KM1TUM\.m2\repository\net\bytebuddy\byte-buddy\1.14.12\byte-buddy-1.14.12.jar;C:\Users\fliza.DESKTOP-6KM1TUM\.m2\repository\org\glassfish\jaxb\jaxb-runtime\4.0.5\jaxb-runtime-4.0.5.jar;C:\Users\fliza.DESKTOP-6KM1TUM\.m2\repository\org\glassfish\jaxb\jaxb-core\4.0.5\jaxb-core-4.0.5.jar;C:\Users\fliza.DESKTOP-6KM1TUM\.m2\repository\org\eclipse\angus\angus-activation\2.0.2\angus-activation-2.0.2.jar;C:\Users\fliza.DESKTOP-6KM1TUM\.m2\repository\org\glassfish\jaxb\txw2\4.0.5\txw2-4.0.5.jar;C:\Users\fliza.DESKTOP-6KM1TUM\.m2\repository\com\sun\istack\istack-commons-runtime\4.1.2\istack-commons-runtime-4.1.2.jar;C:\Users\fliza.DESKTOP-6KM1TUM\.m2\repository\jakarta\inject\jakarta.inject-api\2.0.1\jakarta.inject-api-2.0.1.jar;C:\Users\fliza.DESKTOP-6KM1TUM\.m2\repository\org\antlr\antlr4-runtime\4.13.0\antlr4-runtime-4.13.0.jar;C:\Users\fliza.DESKTOP-6KM1TUM\.m2\repository\org\springframework\data\spring-data-jpa\3.2.4\spring-data-jpa-3.2.4.jar;C:\Users\fliza.DESKTOP-6KM1TUM\.m2\repository\org\springframework\data\spring-data-commons\3.2.4\spring-data-commons-3.2.4.jar;C:\Users\fliza.DESKTOP-6KM1TUM\.m2\repository\org\springframework\spring-orm\6.1.5\spring-orm-6.1.5.jar;C:\Users\fliza.DESKTOP-6KM1TUM\.m2\repository\org\springframework\spring-context\6.1.5\spring-context-6.1.5.jar;C:\Users\fliza.DESKTOP-6KM1TUM\.m2\repository\org\springframework\spring-tx\6.1.5\spring-tx-6.1.5.jar;C:\Users\fliza.DESKTOP-6KM1TUM\.m2\repository\org\springframework\spring-beans\6.1.5\spring-beans-6.1.5.jar;C:\Users\fliza.DESKTOP-6KM1TUM\.m2\repository\jakarta\annotation\jakarta.annotation-api\2.1.1\jakarta.annotation-api-2.1.1.jar;C:\Users\fliza.DESKTOP-6KM1TUM\.m2\repository\org\slf4j\slf4j-api\2.0.12\slf4j-api-2.0.12.jar;C:\Users\fliza.DESKTOP-6KM1TUM\.m2\repository\org\springframework\spring-aspects\6.1.5\spring-aspects-6.1.5.jar;C:\Users\fliza.DESKTOP-6KM1TUM\.m2\repository\org\springframework\boot\spring-boot-starter-web\3.2.4\spring-boot-starter-web-3.2.4.jar;C:\Users\fliza.DESKTOP-6KM1TUM\.m2\repository\org\springframework\boot\spring-boot-starter\3.2.4\spring-boot-starter-3.2.4.jar;C:\Users\fliza.DESKTOP-6KM1TUM\.m2\repository\org\springframework\boot\spring-boot\3.2.4\spring-boot-3.2.4.jar;C:\Users\fliza.DESKTOP-6KM1TUM\.m2\repository\org\springframework\boot\spring-boot-autoconfigure\3.2.4\spring-boot-autoconfigure-3.2.4.jar;C:\Users\fliza.DESKTOP-6KM1TUM\.m2\repository\org\springframework\boot\spring-boot-starter-logging\3.2.4\spring-boot-starter-logging-3.2.4.jar;C:\Users\fliza.DESKTOP-6KM1TUM\.m2\repository\ch\qos\logback\logback-classic\1.4.14\logback-classic-1.4.14.jar;C:\Users\fliza.DESKTOP-6KM1TUM\.m2\repository\ch\qos\logback\logback-core\1.4.14\logback-core-1.4.14.jar;C:\Users\fliza.DESKTOP-6KM1TUM\.m2\repository\org\apache\logging\log4j\log4j-to-slf4j\2.21.1\log4j-to-slf4j-2.21.1.jar;C:\Users\fliza.DESKTOP-6KM1TUM\.m2\repository\org\apache\logging\log4j\log4j-api\2.21.1\log4j-api-2.21.1.jar;C:\Users\fliza.DESKTOP-6KM1TUM\.m2\repository\org\slf4j\jul-to-slf4j\2.0.12\jul-to-slf4j-2.0.12.jar;C:\Users\fliza.DESKTOP-6KM1TUM\.m2\repository\org\yaml\snakeyaml\2.2\snakeyaml-2.2.jar;C:\Users\fliza.DESKTOP-6KM1TUM\.m2\repository\org\springframework\boot\spring-boot-starter-json\3.2.4\spring-boot-starter-json-3.2.4.jar;C:\Users\fliza.DESKTOP-6KM1TUM\.m2\repository\com\fasterxml\jackson\core\jackson-databind\2.15.4\jackson-databind-2.15.4.jar;C:\Users\fliza.DESKTOP-6KM1TUM\.m2\repository\com\fasterxml\jackson\core\jackson-annotations\2.15.4\jackson-annotations-2.15.4.jar;C:\Users\fliza.DESKTOP-6KM1TUM\.m2\repository\com\fasterxml\jackson\core\jackson-core\2.15.4\jackson-core-2.15.4.jar;C:\Users\fliza.DESKTOP-6KM1TUM\.m2\repository\com\fasterxml\jackson\datatype\jackson-datatype-jdk8\2.15.4\jackson-datatype-jdk8-2.15.4.jar;C:\Users\fliza.DESKTOP-6KM1TUM\.m2\repository\com\fasterxml\jackson\datatype\jackson-datatype-jsr310\2.15.4\jackson-datatype-jsr310-2.15.4.jar;C:\Users\fliza.DESKTOP-6KM1TUM\.m2\repository\com\fasterxml\jackson\module\jackson-module-parameter-names\2.15.4\jackson-module-parameter-names-2.15.4.jar;C:\Users\fliza.DESKTOP-6KM1TUM\.m2\repository\org\springframework\boot\spring-boot-starter-tomcat\3.2.4\spring-boot-starter-tomcat-3.2.4.jar;C:\Users\fliza.DESKTOP-6KM1TUM\.m2\repository\org\apache\tomcat\embed\tomcat-embed-core\10.1.19\tomcat-embed-core-10.1.19.jar;C:\Users\fliza.DESKTOP-6KM1TUM\.m2\repository\org\apache\tomcat\embed\tomcat-embed-el\10.1.19\tomcat-embed-el-10.1.19.jar;C:\Users\fliza.DESKTOP-6KM1TUM\.m2\repository\org\apache\tomcat\embed\tomcat-embed-websocket\10.1.19\tomcat-embed-websocket-10.1.19.jar;C:\Users\fliza.DESKTOP-6KM1TUM\.m2\repository\org\springframework\spring-web\6.1.5\spring-web-6.1.5.jar;C:\Users\fliza.DESKTOP-6KM1TUM\.m2\repository\io\micrometer\micrometer-observation\1.12.4\micrometer-observation-1.12.4.jar;C:\Users\fliza.DESKTOP-6KM1TUM\.m2\repository\io\micrometer\micrometer-commons\1.12.4\micrometer-commons-1.12.4.jar;C:\Users\fliza.DESKTOP-6KM1TUM\.m2\repository\org\springframework\spring-webmvc\6.1.5\spring-webmvc-6.1.5.jar;C:\Users\fliza.DESKTOP-6KM1TUM\.m2\repository\org\springframework\spring-expression\6.1.5\spring-expression-6.1.5.jar;C:\Users\fliza.DESKTOP-6KM1TUM\.m2\repository\com\mysql\mysql-connector-j\8.3.0\mysql-connector-j-8.3.0.jar;C:\Users\fliza.DESKTOP-6KM1TUM\.m2\repository\org\projectlombok\lombok\1.18.30\lombok-1.18.30.jar;C:\Users\fliza.DESKTOP-6KM1TUM\.m2\repository\org\springframework\boot\spring-boot-starter-test\3.2.4\spring-boot-starter-test-3.2.4.jar;C:\Users\fliza.DESKTOP-6KM1TUM\.m2\repository\org\springframework\boot\spring-boot-test\3.2.4\spring-boot-test-3.2.4.jar;C:\Users\fliza.DESKTOP-6KM1TUM\.m2\repository\org\springframework\boot\spring-boot-test-autoconfigure\3.2.4\spring-boot-test-autoconfigure-3.2.4.jar;C:\Users\fliza.DESKTOP-6KM1TUM\.m2\repository\com\jayway\jsonpath\json-path\2.9.0\json-path-2.9.0.jar;C:\Users\fliza.DESKTOP-6KM1TUM\.m2\repository\jakarta\xml\bind\jakarta.xml.bind-api\4.0.2\jakarta.xml.bind-api-4.0.2.jar;C:\Users\fliza.DESKTOP-6KM1TUM\.m2\repository\jakarta\activation\jakarta.activation-api\2.1.3\jakarta.activation-api-2.1.3.jar;C:\Users\fliza.DESKTOP-6KM1TUM\.m2\repository\net\minidev\json-smart\2.5.0\json-smart-2.5.0.jar;C:\Users\fliza.DESKTOP-6KM1TUM\.m2\repository\net\minidev\accessors-smart\2.5.0\accessors-smart-2.5.0.jar;C:\Users\fliza.DESKTOP-6KM1TUM\.m2\repository\org\ow2\asm\asm\9.3\asm-9.3.jar;C:\Users\fliza.DESKTOP-6KM1TUM\.m2\repository\org\assertj\assertj-core\3.24.2\assertj-core-3.24.2.jar;C:\Users\fliza.DESKTOP-6KM1TUM\.m2\repository\org\awaitility\awaitility\4.2.0\awaitility-4.2.0.jar;C:\Users\fliza.DESKTOP-6KM1TUM\.m2\repository\org\hamcrest\hamcrest\2.2\hamcrest-2.2.jar;C:\Users\fliza.DESKTOP-6KM1TUM\.m2\repository\org\junit\jupiter\junit-jupiter\5.10.2\junit-jupiter-5.10.2.jar;C:\Users\fliza.DESKTOP-6KM1TUM\.m2\repository\org\junit\jupiter\junit-jupiter-api\5.10.2\junit-jupiter-api-5.10.2.jar;C:\Users\fliza.DESKTOP-6KM1TUM\.m2\repository\org\opentest4j\opentest4j\1.3.0\opentest4j-1.3.0.jar;C:\Users\fliza.DESKTOP-6KM1TUM\.m2\repository\org\junit\platform\junit-platform-commons\1.10.2\junit-platform-commons-1.10.2.jar;C:\Users\fliza.DESKTOP-6KM1TUM\.m2\repository\org\apiguardian\apiguardian-api\1.1.2\apiguardian-api-1.1.2.jar;C:\Users\fliza.DESKTOP-6KM1TUM\.m2\repository\org\junit\jupiter\junit-jupiter-params\5.10.2\junit-jupiter-params-5.10.2.jar;C:\Users\fliza.DESKTOP-6KM1TUM\.m2\repository\org\junit\jupiter\junit-jupiter-engine\5.10.2\junit-jupiter-engine-5.10.2.jar;C:\Users\fliza.DESKTOP-6KM1TUM\.m2\repository\org\junit\platform\junit-platform-engine\1.10.2\junit-platform-engine-1.10.2.jar;C:\Users\fliza.DESKTOP-6KM1TUM\.m2\repository\org\mockito\mockito-core\5.7.0\mockito-core-5.7.0.jar;C:\Users\fliza.DESKTOP-6KM1TUM\.m2\repository\net\bytebuddy\byte-buddy-agent\1.14.12\byte-buddy-agent-1.14.12.jar;C:\Users\fliza.DESKTOP-6KM1TUM\.m2\repository\org\objenesis\objenesis\3.3\objenesis-3.3.jar;C:\Users\fliza.DESKTOP-6KM1TUM\.m2\repository\org\mockito\mockito-junit-jupiter\5.7.0\mockito-junit-jupiter-5.7.0.jar;C:\Users\fliza.DESKTOP-6KM1TUM\.m2\repository\org\skyscreamer\jsonassert\1.5.1\jsonassert-1.5.1.jar;C:\Users\fliza.DESKTOP-6KM1TUM\.m2\repository\com\vaadin\external\google\android-json\0.0.20131108.vaadin1\android-json-0.0.20131108.vaadin1.jar;C:\Users\fliza.DESKTOP-6KM1TUM\.m2\repository\org\springframework\spring-core\6.1.5\spring-core-6.1.5.jar;C:\Users\fliza.DESKTOP-6KM1TUM\.m2\repository\org\springframework\spring-jcl\6.1.5\spring-jcl-6.1.5.jar;C:\Users\fliza.DESKTOP-6KM1TUM\.m2\repository\org\springframework\spring-test\6.1.5\spring-test-6.1.5.jar;C:\Users\fliza.DESKTOP-6KM1TUM\.m2\repository\org\xmlunit\xmlunit-core\2.9.1\xmlunit-core-2.9.1.jar;C:\Users\fliza.DESKTOP-6KM1TUM\.m2\repository\junit\junit\4.13.2\junit-4.13.2.jar;C:\Users\fliza.DESKTOP-6KM1TUM\.m2\repository\org\hamcrest\hamcrest-core\2.2\hamcrest-core-2.2.jar;C:\Users\fliza.DESKTOP-6KM1TUM\.m2\repository\org\springdoc\springdoc-openapi-starter-webmvc-ui\2.3.0\springdoc-openapi-starter-webmvc-ui-2.3.0.jar;C:\Users\fliza.DESKTOP-6KM1TUM\.m2\repository\org\springdoc\springdoc-openapi-starter-webmvc-api\2.3.0\springdoc-openapi-starter-webmvc-api-2.3.0.jar;C:\Users\fliza.DESKTOP-6KM1TUM\.m2\repository\org\springdoc\springdoc-openapi-starter-common\2.3.0\springdoc-openapi-starter-common-2.3.0.jar;C:\Users\fliza.DESKTOP-6KM1TUM\.m2\repository\io\swagger\core\v3\swagger-core-jakarta\2.2.19\swagger-core-jakarta-2.2.19.jar;C:\Users\fliza.DESKTOP-6KM1TUM\.m2\repository\org\apache\commons\commons-lang3\3.13.0\commons-lang3-3.13.0.jar;C:\Users\fliza.DESKTOP-6KM1TUM\.m2\repository\io\swagger\core\v3\swagger-annotations-jakarta\2.2.19\swagger-annotations-jakarta-2.2.19.jar;C:\Users\fliza.DESKTOP-6KM1TUM\.m2\repository\io\swagger\core\v3\swagger-models-jakarta\2.2.19\swagger-models-jakarta-2.2.19.jar;C:\Users\fliza.DESKTOP-6KM1TUM\.m2\repository\jakarta\validation\jakarta.validation-api\3.0.2\jakarta.validation-api-3.0.2.jar;C:\Users\fliza.DESKTOP-6KM1TUM\.m2\repository\com\fasterxml\jackson\dataformat\jackson-dataformat-yaml\2.15.4\jackson-dataformat-yaml-2.15.4.jar;C:\Users\fliza.DESKTOP-6KM1TUM\.m2\repository\org\webjars\swagger-ui\5.10.3\swagger-ui-5.10.3.jar;C:\Users\fliza.DESKTOP-6KM1TUM\.m2\repository\com\h2database\h2\2.2.224\h2-2.2.224.jar;"/>
    <property name="java.vm.vendor" value="Eclipse Adoptium"/>
    <property name="sun.arch.data.model" value="64"/>
    <property name="user.variant" value=""/>
    <property name="catalina.useNaming" value="false"/>
    <property name="java.vendor.url" value="https://adoptium.net/"/>
    <property name="user.timezone" value="America/Santiago"/>
    <property name="org.jboss.logging.provider" value="slf4j"/>
    <property name="os.name" value="Windows 10"/>
    <property name="java.vm.specification.version" value="17"/>
    <property name="sun.java.launcher" value="SUN_STANDARD"/>
    <property name="user.country" value="CL"/>
    <property name="sun.boot.library.path" value="C:\Program Files\Eclipse Adoptium\jdk-17.0.10.7-hotspot\bin"/>
    <property name="sun.java.command" value="C:\Users\fliza.DESKTOP-6KM1TUM\AppData\Local\Temp\surefire3142120518179825396\surefirebooter-20240502112305237_3.jar C:\Users\fliza.DESKTOP-6KM1TUM\AppData\Local\Temp\surefire3142120518179825396 2024-05-02T11-23-04_944-jvmRun1 surefire-20240502112305237_1tmp surefire_0-20240502112305237_2tmp"/>
    <property name="jdk.debug" value="release"/>
    <property name="surefire.test.class.path" value="D:\code\autofix-tingeso\api\target\test-classes;D:\code\autofix-tingeso\api\target\classes;C:\Users\fliza.DESKTOP-6KM1TUM\.m2\repository\org\springframework\boot\spring-boot-starter-data-jpa\3.2.4\spring-boot-starter-data-jpa-3.2.4.jar;C:\Users\fliza.DESKTOP-6KM1TUM\.m2\repository\org\springframework\boot\spring-boot-starter-aop\3.2.4\spring-boot-starter-aop-3.2.4.jar;C:\Users\fliza.DESKTOP-6KM1TUM\.m2\repository\org\springframework\spring-aop\6.1.5\spring-aop-6.1.5.jar;C:\Users\fliza.DESKTOP-6KM1TUM\.m2\repository\org\aspectj\aspectjweaver\1.9.21\aspectjweaver-1.9.21.jar;C:\Users\fliza.DESKTOP-6KM1TUM\.m2\repository\org\springframework\boot\spring-boot-starter-jdbc\3.2.4\spring-boot-starter-jdbc-3.2.4.jar;C:\Users\fliza.DESKTOP-6KM1TUM\.m2\repository\com\zaxxer\HikariCP\5.0.1\HikariCP-5.0.1.jar;C:\Users\fliza.DESKTOP-6KM1TUM\.m2\repository\org\springframework\spring-jdbc\6.1.5\spring-jdbc-6.1.5.jar;C:\Users\fliza.DESKTOP-6KM1TUM\.m2\repository\org\hibernate\orm\hibernate-core\6.4.4.Final\hibernate-core-6.4.4.Final.jar;C:\Users\fliza.DESKTOP-6KM1TUM\.m2\repository\jakarta\persistence\jakarta.persistence-api\3.1.0\jakarta.persistence-api-3.1.0.jar;C:\Users\fliza.DESKTOP-6KM1TUM\.m2\repository\jakarta\transaction\jakarta.transaction-api\2.0.1\jakarta.transaction-api-2.0.1.jar;C:\Users\fliza.DESKTOP-6KM1TUM\.m2\repository\org\jboss\logging\jboss-logging\3.5.3.Final\jboss-logging-3.5.3.Final.jar;C:\Users\fliza.DESKTOP-6KM1TUM\.m2\repository\org\hibernate\common\hibernate-commons-annotations\6.0.6.Final\hibernate-commons-annotations-6.0.6.Final.jar;C:\Users\fliza.DESKTOP-6KM1TUM\.m2\repository\io\smallrye\jandex\3.1.2\jandex-3.1.2.jar;C:\Users\fliza.DESKTOP-6KM1TUM\.m2\repository\com\fasterxml\classmate\1.6.0\classmate-1.6.0.jar;C:\Users\fliza.DESKTOP-6KM1TUM\.m2\repository\net\bytebuddy\byte-buddy\1.14.12\byte-buddy-1.14.12.jar;C:\Users\fliza.DESKTOP-6KM1TUM\.m2\repository\org\glassfish\jaxb\jaxb-runtime\4.0.5\jaxb-runtime-4.0.5.jar;C:\Users\fliza.DESKTOP-6KM1TUM\.m2\repository\org\glassfish\jaxb\jaxb-core\4.0.5\jaxb-core-4.0.5.jar;C:\Users\fliza.DESKTOP-6KM1TUM\.m2\repository\org\eclipse\angus\angus-activation\2.0.2\angus-activation-2.0.2.jar;C:\Users\fliza.DESKTOP-6KM1TUM\.m2\repository\org\glassfish\jaxb\txw2\4.0.5\txw2-4.0.5.jar;C:\Users\fliza.DESKTOP-6KM1TUM\.m2\repository\com\sun\istack\istack-commons-runtime\4.1.2\istack-commons-runtime-4.1.2.jar;C:\Users\fliza.DESKTOP-6KM1TUM\.m2\repository\jakarta\inject\jakarta.inject-api\2.0.1\jakarta.inject-api-2.0.1.jar;C:\Users\fliza.DESKTOP-6KM1TUM\.m2\repository\org\antlr\antlr4-runtime\4.13.0\antlr4-runtime-4.13.0.jar;C:\Users\fliza.DESKTOP-6KM1TUM\.m2\repository\org\springframework\data\spring-data-jpa\3.2.4\spring-data-jpa-3.2.4.jar;C:\Users\fliza.DESKTOP-6KM1TUM\.m2\repository\org\springframework\data\spring-data-commons\3.2.4\spring-data-commons-3.2.4.jar;C:\Users\fliza.DESKTOP-6KM1TUM\.m2\repository\org\springframework\spring-orm\6.1.5\spring-orm-6.1.5.jar;C:\Users\fliza.DESKTOP-6KM1TUM\.m2\repository\org\springframework\spring-context\6.1.5\spring-context-6.1.5.jar;C:\Users\fliza.DESKTOP-6KM1TUM\.m2\repository\org\springframework\spring-tx\6.1.5\spring-tx-6.1.5.jar;C:\Users\fliza.DESKTOP-6KM1TUM\.m2\repository\org\springframework\spring-beans\6.1.5\spring-beans-6.1.5.jar;C:\Users\fliza.DESKTOP-6KM1TUM\.m2\repository\jakarta\annotation\jakarta.annotation-api\2.1.1\jakarta.annotation-api-2.1.1.jar;C:\Users\fliza.DESKTOP-6KM1TUM\.m2\repository\org\slf4j\slf4j-api\2.0.12\slf4j-api-2.0.12.jar;C:\Users\fliza.DESKTOP-6KM1TUM\.m2\repository\org\springframework\spring-aspects\6.1.5\spring-aspects-6.1.5.jar;C:\Users\fliza.DESKTOP-6KM1TUM\.m2\repository\org\springframework\boot\spring-boot-starter-web\3.2.4\spring-boot-starter-web-3.2.4.jar;C:\Users\fliza.DESKTOP-6KM1TUM\.m2\repository\org\springframework\boot\spring-boot-starter\3.2.4\spring-boot-starter-3.2.4.jar;C:\Users\fliza.DESKTOP-6KM1TUM\.m2\repository\org\springframework\boot\spring-boot\3.2.4\spring-boot-3.2.4.jar;C:\Users\fliza.DESKTOP-6KM1TUM\.m2\repository\org\springframework\boot\spring-boot-autoconfigure\3.2.4\spring-boot-autoconfigure-3.2.4.jar;C:\Users\fliza.DESKTOP-6KM1TUM\.m2\repository\org\springframework\boot\spring-boot-starter-logging\3.2.4\spring-boot-starter-logging-3.2.4.jar;C:\Users\fliza.DESKTOP-6KM1TUM\.m2\repository\ch\qos\logback\logback-classic\1.4.14\logback-classic-1.4.14.jar;C:\Users\fliza.DESKTOP-6KM1TUM\.m2\repository\ch\qos\logback\logback-core\1.4.14\logback-core-1.4.14.jar;C:\Users\fliza.DESKTOP-6KM1TUM\.m2\repository\org\apache\logging\log4j\log4j-to-slf4j\2.21.1\log4j-to-slf4j-2.21.1.jar;C:\Users\fliza.DESKTOP-6KM1TUM\.m2\repository\org\apache\logging\log4j\log4j-api\2.21.1\log4j-api-2.21.1.jar;C:\Users\fliza.DESKTOP-6KM1TUM\.m2\repository\org\slf4j\jul-to-slf4j\2.0.12\jul-to-slf4j-2.0.12.jar;C:\Users\fliza.DESKTOP-6KM1TUM\.m2\repository\org\yaml\snakeyaml\2.2\snakeyaml-2.2.jar;C:\Users\fliza.DESKTOP-6KM1TUM\.m2\repository\org\springframework\boot\spring-boot-starter-json\3.2.4\spring-boot-starter-json-3.2.4.jar;C:\Users\fliza.DESKTOP-6KM1TUM\.m2\repository\com\fasterxml\jackson\core\jackson-databind\2.15.4\jackson-databind-2.15.4.jar;C:\Users\fliza.DESKTOP-6KM1TUM\.m2\repository\com\fasterxml\jackson\core\jackson-annotations\2.15.4\jackson-annotations-2.15.4.jar;C:\Users\fliza.DESKTOP-6KM1TUM\.m2\repository\com\fasterxml\jackson\core\jackson-core\2.15.4\jackson-core-2.15.4.jar;C:\Users\fliza.DESKTOP-6KM1TUM\.m2\repository\com\fasterxml\jackson\datatype\jackson-datatype-jdk8\2.15.4\jackson-datatype-jdk8-2.15.4.jar;C:\Users\fliza.DESKTOP-6KM1TUM\.m2\repository\com\fasterxml\jackson\datatype\jackson-datatype-jsr310\2.15.4\jackson-datatype-jsr310-2.15.4.jar;C:\Users\fliza.DESKTOP-6KM1TUM\.m2\repository\com\fasterxml\jackson\module\jackson-module-parameter-names\2.15.4\jackson-module-parameter-names-2.15.4.jar;C:\Users\fliza.DESKTOP-6KM1TUM\.m2\repository\org\springframework\boot\spring-boot-starter-tomcat\3.2.4\spring-boot-starter-tomcat-3.2.4.jar;C:\Users\fliza.DESKTOP-6KM1TUM\.m2\repository\org\apache\tomcat\embed\tomcat-embed-core\10.1.19\tomcat-embed-core-10.1.19.jar;C:\Users\fliza.DESKTOP-6KM1TUM\.m2\repository\org\apache\tomcat\embed\tomcat-embed-el\10.1.19\tomcat-embed-el-10.1.19.jar;C:\Users\fliza.DESKTOP-6KM1TUM\.m2\repository\org\apache\tomcat\embed\tomcat-embed-websocket\10.1.19\tomcat-embed-websocket-10.1.19.jar;C:\Users\fliza.DESKTOP-6KM1TUM\.m2\repository\org\springframework\spring-web\6.1.5\spring-web-6.1.5.jar;C:\Users\fliza.DESKTOP-6KM1TUM\.m2\repository\io\micrometer\micrometer-observation\1.12.4\micrometer-observation-1.12.4.jar;C:\Users\fliza.DESKTOP-6KM1TUM\.m2\repository\io\micrometer\micrometer-commons\1.12.4\micrometer-commons-1.12.4.jar;C:\Users\fliza.DESKTOP-6KM1TUM\.m2\repository\org\springframework\spring-webmvc\6.1.5\spring-webmvc-6.1.5.jar;C:\Users\fliza.DESKTOP-6KM1TUM\.m2\repository\org\springframework\spring-expression\6.1.5\spring-expression-6.1.5.jar;C:\Users\fliza.DESKTOP-6KM1TUM\.m2\repository\com\mysql\mysql-connector-j\8.3.0\mysql-connector-j-8.3.0.jar;C:\Users\fliza.DESKTOP-6KM1TUM\.m2\repository\org\projectlombok\lombok\1.18.30\lombok-1.18.30.jar;C:\Users\fliza.DESKTOP-6KM1TUM\.m2\repository\org\springframework\boot\spring-boot-starter-test\3.2.4\spring-boot-starter-test-3.2.4.jar;C:\Users\fliza.DESKTOP-6KM1TUM\.m2\repository\org\springframework\boot\spring-boot-test\3.2.4\spring-boot-test-3.2.4.jar;C:\Users\fliza.DESKTOP-6KM1TUM\.m2\repository\org\springframework\boot\spring-boot-test-autoconfigure\3.2.4\spring-boot-test-autoconfigure-3.2.4.jar;C:\Users\fliza.DESKTOP-6KM1TUM\.m2\repository\com\jayway\jsonpath\json-path\2.9.0\json-path-2.9.0.jar;C:\Users\fliza.DESKTOP-6KM1TUM\.m2\repository\jakarta\xml\bind\jakarta.xml.bind-api\4.0.2\jakarta.xml.bind-api-4.0.2.jar;C:\Users\fliza.DESKTOP-6KM1TUM\.m2\repository\jakarta\activation\jakarta.activation-api\2.1.3\jakarta.activation-api-2.1.3.jar;C:\Users\fliza.DESKTOP-6KM1TUM\.m2\repository\net\minidev\json-smart\2.5.0\json-smart-2.5.0.jar;C:\Users\fliza.DESKTOP-6KM1TUM\.m2\repository\net\minidev\accessors-smart\2.5.0\accessors-smart-2.5.0.jar;C:\Users\fliza.DESKTOP-6KM1TUM\.m2\repository\org\ow2\asm\asm\9.3\asm-9.3.jar;C:\Users\fliza.DESKTOP-6KM1TUM\.m2\repository\org\assertj\assertj-core\3.24.2\assertj-core-3.24.2.jar;C:\Users\fliza.DESKTOP-6KM1TUM\.m2\repository\org\awaitility\awaitility\4.2.0\awaitility-4.2.0.jar;C:\Users\fliza.DESKTOP-6KM1TUM\.m2\repository\org\hamcrest\hamcrest\2.2\hamcrest-2.2.jar;C:\Users\fliza.DESKTOP-6KM1TUM\.m2\repository\org\junit\jupiter\junit-jupiter\5.10.2\junit-jupiter-5.10.2.jar;C:\Users\fliza.DESKTOP-6KM1TUM\.m2\repository\org\junit\jupiter\junit-jupiter-api\5.10.2\junit-jupiter-api-5.10.2.jar;C:\Users\fliza.DESKTOP-6KM1TUM\.m2\repository\org\opentest4j\opentest4j\1.3.0\opentest4j-1.3.0.jar;C:\Users\fliza.DESKTOP-6KM1TUM\.m2\repository\org\junit\platform\junit-platform-commons\1.10.2\junit-platform-commons-1.10.2.jar;C:\Users\fliza.DESKTOP-6KM1TUM\.m2\repository\org\apiguardian\apiguardian-api\1.1.2\apiguardian-api-1.1.2.jar;C:\Users\fliza.DESKTOP-6KM1TUM\.m2\repository\org\junit\jupiter\junit-jupiter-params\5.10.2\junit-jupiter-params-5.10.2.jar;C:\Users\fliza.DESKTOP-6KM1TUM\.m2\repository\org\junit\jupiter\junit-jupiter-engine\5.10.2\junit-jupiter-engine-5.10.2.jar;C:\Users\fliza.DESKTOP-6KM1TUM\.m2\repository\org\junit\platform\junit-platform-engine\1.10.2\junit-platform-engine-1.10.2.jar;C:\Users\fliza.DESKTOP-6KM1TUM\.m2\repository\org\mockito\mockito-core\5.7.0\mockito-core-5.7.0.jar;C:\Users\fliza.DESKTOP-6KM1TUM\.m2\repository\net\bytebuddy\byte-buddy-agent\1.14.12\byte-buddy-agent-1.14.12.jar;C:\Users\fliza.DESKTOP-6KM1TUM\.m2\repository\org\objenesis\objenesis\3.3\objenesis-3.3.jar;C:\Users\fliza.DESKTOP-6KM1TUM\.m2\repository\org\mockito\mockito-junit-jupiter\5.7.0\mockito-junit-jupiter-5.7.0.jar;C:\Users\fliza.DESKTOP-6KM1TUM\.m2\repository\org\skyscreamer\jsonassert\1.5.1\jsonassert-1.5.1.jar;C:\Users\fliza.DESKTOP-6KM1TUM\.m2\repository\com\vaadin\external\google\android-json\0.0.20131108.vaadin1\android-json-0.0.20131108.vaadin1.jar;C:\Users\fliza.DESKTOP-6KM1TUM\.m2\repository\org\springframework\spring-core\6.1.5\spring-core-6.1.5.jar;C:\Users\fliza.DESKTOP-6KM1TUM\.m2\repository\org\springframework\spring-jcl\6.1.5\spring-jcl-6.1.5.jar;C:\Users\fliza.DESKTOP-6KM1TUM\.m2\repository\org\springframework\spring-test\6.1.5\spring-test-6.1.5.jar;C:\Users\fliza.DESKTOP-6KM1TUM\.m2\repository\org\xmlunit\xmlunit-core\2.9.1\xmlunit-core-2.9.1.jar;C:\Users\fliza.DESKTOP-6KM1TUM\.m2\repository\junit\junit\4.13.2\junit-4.13.2.jar;C:\Users\fliza.DESKTOP-6KM1TUM\.m2\repository\org\hamcrest\hamcrest-core\2.2\hamcrest-core-2.2.jar;C:\Users\fliza.DESKTOP-6KM1TUM\.m2\repository\org\springdoc\springdoc-openapi-starter-webmvc-ui\2.3.0\springdoc-openapi-starter-webmvc-ui-2.3.0.jar;C:\Users\fliza.DESKTOP-6KM1TUM\.m2\repository\org\springdoc\springdoc-openapi-starter-webmvc-api\2.3.0\springdoc-openapi-starter-webmvc-api-2.3.0.jar;C:\Users\fliza.DESKTOP-6KM1TUM\.m2\repository\org\springdoc\springdoc-openapi-starter-common\2.3.0\springdoc-openapi-starter-common-2.3.0.jar;C:\Users\fliza.DESKTOP-6KM1TUM\.m2\repository\io\swagger\core\v3\swagger-core-jakarta\2.2.19\swagger-core-jakarta-2.2.19.jar;C:\Users\fliza.DESKTOP-6KM1TUM\.m2\repository\org\apache\commons\commons-lang3\3.13.0\commons-lang3-3.13.0.jar;C:\Users\fliza.DESKTOP-6KM1TUM\.m2\repository\io\swagger\core\v3\swagger-annotations-jakarta\2.2.19\swagger-annotations-jakarta-2.2.19.jar;C:\Users\fliza.DESKTOP-6KM1TUM\.m2\repository\io\swagger\core\v3\swagger-models-jakarta\2.2.19\swagger-models-jakarta-2.2.19.jar;C:\Users\fliza.DESKTOP-6KM1TUM\.m2\repository\jakarta\validation\jakarta.validation-api\3.0.2\jakarta.validation-api-3.0.2.jar;C:\Users\fliza.DESKTOP-6KM1TUM\.m2\repository\com\fasterxml\jackson\dataformat\jackson-dataformat-yaml\2.15.4\jackson-dataformat-yaml-2.15.4.jar;C:\Users\fliza.DESKTOP-6KM1TUM\.m2\repository\org\webjars\swagger-ui\5.10.3\swagger-ui-5.10.3.jar;C:\Users\fliza.DESKTOP-6KM1TUM\.m2\repository\com\h2database\h2\2.2.224\h2-2.2.224.jar;"/>
    <property name="sun.cpu.endian" value="little"/>
    <property name="user.home" value="C:\Users\fliza.DESKTOP-6KM1TUM"/>
    <property name="user.language" value="es"/>
    <property name="java.specification.vendor" value="Oracle Corporation"/>
    <property name="java.version.date" value="2024-01-16"/>
    <property name="java.home" value="C:\Program Files\Eclipse Adoptium\jdk-17.0.10.7-hotspot"/>
    <property name="file.separator" value="\"/>
    <property name="basedir" value="D:\code\autofix-tingeso\api"/>
    <property name="java.vm.compressedOopsMode" value="Zero based"/>
    <property name="line.separator" value="&#10;"/>
    <property name="java.vm.specification.vendor" value="Oracle Corporation"/>
    <property name="java.specification.name" value="Java Platform API Specification"/>
    <property name="FILE_LOG_CHARSET" value="windows-1252"/>
    <property name="java.awt.headless" value="true"/>
    <property name="surefire.real.class.path" value="C:\Users\fliza.DESKTOP-6KM1TUM\AppData\Local\Temp\surefire3142120518179825396\surefirebooter-20240502112305237_3.jar"/>
    <property name="user.script" value=""/>
    <property name="sun.management.compiler" value="HotSpot 64-Bit Tiered Compilers"/>
    <property name="java.runtime.version" value="17.0.10+7"/>
    <property name="user.name" value="fliza"/>
    <property name="path.separator" value=";"/>
    <property name="os.version" value="10.0"/>
    <property name="java.runtime.name" value="OpenJDK Runtime Environment"/>
    <property name="file.encoding" value="Cp1252"/>
    <property name="java.vm.name" value="OpenJDK 64-Bit Server VM"/>
    <property name="java.vendor.version" value="Temurin-17.0.10+7"/>
    <property name="localRepository" value="C:\Users\fliza.DESKTOP-6KM1TUM\.m2\repository"/>
    <property name="java.vendor.url.bug" value="https://github.com/adoptium/adoptium-support/issues"/>
    <property name="java.io.tmpdir" value="C:\Users\FLIZA~1.DES\AppData\Local\Temp\"/>
    <property name="com.zaxxer.hikari.pool_number" value="2"/>
    <property name="catalina.home" value="C:\Users\fliza.DESKTOP-6KM1TUM\AppData\Local\Temp\tomcat.8079.10489099316097244434"/>
    <property name="java.version" value="17.0.10"/>
    <property name="user.dir" value="D:\code\autofix-tingeso\api"/>
    <property name="os.arch" value="amd64"/>
    <property name="java.vm.specification.name" value="Java Virtual Machine Specification"/>
    <property name="PID" value="20732"/>
    <property name="sun.os.patch.level" value=""/>
    <property name="CONSOLE_LOG_CHARSET" value="windows-1252"/>
    <property name="catalina.base" value="C:\Users\fliza.DESKTOP-6KM1TUM\AppData\Local\Temp\tomcat.8079.10489099316097244434"/>
    <property name="native.encoding" value="Cp1252"/>
    <property name="java.library.path" value="C:\Program Files\Eclipse Adoptium\jdk-17.0.10.7-hotspot\bin;C:\Windows\Sun\Java\bin;C:\Windows\system32;C:\Windows;C:\Program Files\Eclipse Adoptium\jdk-17.0.10.7-hotspot\bin;C:\Windows\system32;C:\Windows;C:\Windows\System32\Wbem;C:\Windows\System32\WindowsPowerShell\v1.0\;C:\Windows\System32\OpenSSH\;C:\Program Files\Git\cmd;C:\Program Files\nodejs\;C:\ProgramData\chocolatey\bin;C:\Program Files\MySQL\MySQL Server 8.0\bin;C:\Program Files\dotnet\;C:\Program Files\Docker\Docker\resources\bin;C:\Program Files\MySQL\MySQL Shell 8.0\bin\;C:\Users\fliza.DESKTOP-6KM1TUM\AppData\Local\Programs\Python\Python312\Scripts\;C:\Users\fliza.DESKTOP-6KM1TUM\AppData\Local\Programs\Python\Python312\;C:\Users\fliza.DESKTOP-6KM1TUM\AppData\Local\Microsoft\WindowsApps;C:\Users\fliza.DESKTOP-6KM1TUM\AppData\Local\Programs\Microsoft VS Code\bin;C:\Users\fliza.DESKTOP-6KM1TUM\AppData\Roaming\npm;C:\Python312;C:\Users\fliza.DESKTOP-6KM1TUM\Desktop\apache-maven-3.9.6\bin;."/>
    <property name="java.vm.info" value="mixed mode, sharing"/>
    <property name="java.vendor" value="Eclipse Adoptium"/>
    <property name="java.vm.version" value="17.0.10+7"/>
    <property name="sun.io.unicode.encoding" value="UnicodeLittle"/>
    <property name="java.class.version" value="61.0"/>
    <property name="LOGGED_APPLICATION_NAME" value="[AutoFix] "/>
  </properties>
  <testcase name="updateCarTest" classname="com.example.autofix.repositories.CarRepositoryTest" time="0.28">
    <system-out><![CDATA[2024-05-02T11:23:26.518-04:00  INFO 20732 --- [AutoFix] [           main] t.c.s.AnnotationConfigContextLoaderUtils : Could not detect default configuration classes for test class [com.example.autofix.repositories.CarRepositoryTest]: CarRepositoryTest does not declare any static, non-private, non-final, nested classes annotated with @Configuration.
2024-05-02T11:23:26.604-04:00  INFO 20732 --- [AutoFix] [           main] .b.t.c.SpringBootTestContextBootstrapper : Found @SpringBootConfiguration com.example.autofix.AutoFixApplication for test class com.example.autofix.repositories.CarRepositoryTest

  .   ____          _            __ _ _
 /\\ / ___'_ __ _ _(_)_ __  __ _ \ \ \ \
( ( )\___ | '_ | '_| | '_ \/ _` | \ \ \ \
 \\/  ___)| |_)| | | | | || (_| |  ) ) ) )
  '  |____| .__|_| |_|_| |_\__, | / / / /
 =========|_|==============|___/=/_/_/_/
 :: Spring Boot ::                (v3.2.4)

2024-05-02T11:23:26.683-04:00  INFO 20732 --- [AutoFix] [           main] c.e.a.repositories.CarRepositoryTest     : Starting CarRepositoryTest using Java 17.0.10 with PID 20732 (started by fliza in D:\code\autofix-tingeso\api)
2024-05-02T11:23:26.683-04:00  INFO 20732 --- [AutoFix] [           main] c.e.a.repositories.CarRepositoryTest     : The following 1 profile is active: "test"
2024-05-02T11:23:27.428-04:00  INFO 20732 --- [AutoFix] [           main] .s.d.r.c.RepositoryConfigurationDelegate : Bootstrapping Spring Data JPA repositories in DEFAULT mode.
2024-05-02T11:23:27.464-04:00  INFO 20732 --- [AutoFix] [           main] .s.d.r.c.RepositoryConfigurationDelegate : Finished Spring Data repository scanning in 35 ms. Found 6 JPA repository interfaces.
2024-05-02T11:23:27.498-04:00  INFO 20732 --- [AutoFix] [           main] beddedDataSourceBeanFactoryPostProcessor : Replacing 'dataSource' DataSource bean with embedded version
2024-05-02T11:23:27.558-04:00  INFO 20732 --- [AutoFix] [           main] o.s.j.d.e.EmbeddedDatabaseFactory        : Starting embedded database: url='jdbc:h2:mem:2b096e81-21b8-4f03-af38-89406f22b95e;DB_CLOSE_DELAY=-1;DB_CLOSE_ON_EXIT=false', username='sa'
2024-05-02T11:23:27.607-04:00  INFO 20732 --- [AutoFix] [           main] o.hibernate.jpa.internal.util.LogHelper  : HHH000204: Processing PersistenceUnitInfo [name: default]
2024-05-02T11:23:27.618-04:00  INFO 20732 --- [AutoFix] [           main] o.h.c.internal.RegionFactoryInitiator    : HHH000026: Second-level cache disabled
2024-05-02T11:23:27.636-04:00  INFO 20732 --- [AutoFix] [           main] o.s.o.j.p.SpringPersistenceUnitInfo      : No LoadTimeWeaver setup: ignoring JPA class transformer
2024-05-02T11:23:27.641-04:00  WARN 20732 --- [AutoFix] [           main] org.hibernate.orm.deprecation            : HHH90000025: H2Dialect does not need to be specified explicitly using 'hibernate.dialect' (remove the property setting and it will be selected by default)
2024-05-02T11:23:27.967-04:00  INFO 20732 --- [AutoFix] [           main] o.h.e.t.j.p.i.JtaPlatformInitiator       : HHH000489: No JTA platform available (set 'hibernate.transaction.jta.platform' to enable JTA platform integration)
Hibernate: create table car (id bigint generated by default as identity, brand varchar(255), fab_year integer not null, km integer not null, license_plate varchar(255), model varchar(255), motor_type varchar(255), name_owner varchar(255), num_seats integer not null, rut varchar(255), type varchar(255), primary key (id))
Hibernate: create table chargue_by_type (id bigint generated by default as identity, antiq_end integer not null, antiq_start integer not null, hatch_percent float(53) not null, km_end integer not null, km_start integer not null, pickup_percent float(53) not null, sedan_percent float(53) not null, surcharge_type varchar(255), suv_percent float(53) not null, van_percent float(53) not null, primary key (id))
Hibernate: create table quantity_discount (id bigint generated by default as identity, diesel_percent float(53) not null, electric_percent float(53) not null, gas_percent float(53) not null, hybrid_percent float(53) not null, num_repairs_end integer not null, num_repairs_start integer not null, primary key (id))
Hibernate: create table repair (id bigint generated by default as identity, description varchar(255), name varchar(255), primary key (id))
Hibernate: create table repair_history (id bigint generated by default as identity, admission_date_time timestamp(6), car_id bigint, cost bigint, delivery_date_time timestamp(6), discount bigint, end_date_time timestamp(6), rechargues bigint, repair_type_id bigint, total_amount bigint, primary key (id))
Hibernate: create table repair_price (id bigint generated by default as identity, diesel_price integer not null, electric_price integer not null, gasoline_price integer not null, hybrid_price integer not null, repair_type_id bigint, primary key (id))
2024-05-02T11:23:27.987-04:00  INFO 20732 --- [AutoFix] [           main] j.LocalContainerEntityManagerFactoryBean : Initialized JPA EntityManagerFactory for persistence unit 'default'
2024-05-02T11:23:28.810-04:00  INFO 20732 --- [AutoFix] [           main] c.e.a.repositories.CarRepositoryTest     : Started CarRepositoryTest in 2.202 seconds (process running for 23.374)
Hibernate: insert into car (brand,fab_year,km,license_plate,model,motor_type,name_owner,num_seats,rut,type,id) values (?,?,?,?,?,?,?,?,?,?,default)
]]></system-out>
  </testcase>
  <testcase name="deleteCarTest" classname="com.example.autofix.repositories.CarRepositoryTest" time="0.084">
    <system-out><![CDATA[Hibernate: insert into car (brand,fab_year,km,license_plate,model,motor_type,name_owner,num_seats,rut,type,id) values (?,?,?,?,?,?,?,?,?,?,default)
]]></system-out>
  </testcase>
  <testcase name="findByLicensePlateTest" classname="com.example.autofix.repositories.CarRepositoryTest" time="0.396">
    <system-out><![CDATA[Hibernate: insert into car (brand,fab_year,km,license_plate,model,motor_type,name_owner,num_seats,rut,type,id) values (?,?,?,?,?,?,?,?,?,?,default)
Hibernate: select ce1_0.id,ce1_0.brand,ce1_0.fab_year,ce1_0.km,ce1_0.license_plate,ce1_0.model,ce1_0.motor_type,ce1_0.name_owner,ce1_0.num_seats,ce1_0.rut,ce1_0.type from car ce1_0 where ce1_0.license_plate=?
]]></system-out>
  </testcase>
  <testcase name="saveCarTest" classname="com.example.autofix.repositories.CarRepositoryTest" time="0.009">
    <system-out><![CDATA[Hibernate: insert into car (brand,fab_year,km,license_plate,model,motor_type,name_owner,num_seats,rut,type,id) values (?,?,?,?,?,?,?,?,?,?,default)
]]></system-out>
  </testcase>
  <testcase name="getCarByIdTest" classname="com.example.autofix.repositories.CarRepositoryTest" time="0.015">
    <system-out><![CDATA[Hibernate: insert into car (brand,fab_year,km,license_plate,model,motor_type,name_owner,num_seats,rut,type,id) values (?,?,?,?,?,?,?,?,?,?,default)
]]></system-out>
  </testcase>
  <testcase name="findAllCarsTest" classname="com.example.autofix.repositories.CarRepositoryTest" time="0.045">
    <system-out><![CDATA[Hibernate: insert into car (brand,fab_year,km,license_plate,model,motor_type,name_owner,num_seats,rut,type,id) values (?,?,?,?,?,?,?,?,?,?,default)
Hibernate: insert into car (brand,fab_year,km,license_plate,model,motor_type,name_owner,num_seats,rut,type,id) values (?,?,?,?,?,?,?,?,?,?,default)
Hibernate: select ce1_0.id,ce1_0.brand,ce1_0.fab_year,ce1_0.km,ce1_0.license_plate,ce1_0.model,ce1_0.motor_type,ce1_0.name_owner,ce1_0.num_seats,ce1_0.rut,ce1_0.type from car ce1_0
]]></system-out>
  </testcase>
</testsuite>